<?xml version="1.0" encoding="UTF-8"?>
<testsuite xmlns:xsi="http://www.w3.org/2001/XMLSchema-instance" xsi:noNamespaceSchemaLocation="https://maven.apache.org/surefire/maven-surefire-plugin/xsd/surefire-test-report-3.0.xsd" version="3.0" name="RegressionTest" time="0.46" tests="1097" errors="0" skipped="0" failures="0">
  <properties>
[...]
</properties>
  <testcase name="test0001" classname="RegressionTest0" time="0.011"/>
  <testcase name="test0002" classname="RegressionTest0" time="0"/>
  <testcase name="test0003" classname="RegressionTest0" time="0"/>
  <testcase name="test0004" classname="RegressionTest0" time="0"/>
  <testcase name="test0005" classname="RegressionTest0" time="0"/>
  <testcase name="test0006" classname="RegressionTest0" time="0.001"/>
  <testcase name="test0007" classname="RegressionTest0" time="0.002"/>
  <testcase name="test0008" classname="RegressionTest0" time="0.001"/>
  <testcase name="test0009" classname="RegressionTest0" time="0"/>
  <testcase name="test0010" classname="RegressionTest0" time="0"/>
  <testcase name="test0011" classname="RegressionTest0" time="0"/>
  <testcase name="test0012" classname="RegressionTest0" time="0.001"/>
  <testcase name="test0013" classname="RegressionTest0" time="0.001"/>
  <testcase name="test0014" classname="RegressionTest0" time="0"/>
  <testcase name="test0015" classname="RegressionTest0" time="0.001"/>
  <testcase name="test0016" classname="RegressionTest0" time="0"/>
  <testcase name="test0017" classname="RegressionTest0" time="0.001"/>
  <testcase name="test0018" classname="RegressionTest0" time="0"/>
  <testcase name="test0019" classname="RegressionTest0" time="0.001"/>
  <testcase name="test0020" classname="RegressionTest0" time="0"/>
  <testcase name="test0021" classname="RegressionTest0" time="0.002"/>
  <testcase name="test0022" classname="RegressionTest0" time="0"/>
  <testcase name="test0023" classname="RegressionTest0" time="0"/>
  <testcase name="test0024" classname="RegressionTest0" time="0"/>
  <testcase name="test0025" classname="RegressionTest0" time="0.001"/>
  <testcase name="test0026" classname="RegressionTest0" time="0"/>
  <testcase name="test0027" classname="RegressionTest0" time="0.001"/>
  <testcase name="test0028" classname="RegressionTest0" time="0.001"/>
  <testcase name="test0029" classname="RegressionTest0" time="0"/>
  <testcase name="test0030" classname="RegressionTest0" time="0"/>
  <testcase name="test0031" classname="RegressionTest0" time="0.001"/>
  <testcase name="test0032" classname="RegressionTest0" time="0"/>
  <testcase name="test0033" classname="RegressionTest0" time="0.001"/>
  <testcase name="test0034" classname="RegressionTest0" time="0.001"/>
  <testcase name="test0035" classname="RegressionTest0" time="0.001"/>
  <testcase name="test0036" classname="RegressionTest0" time="0.001"/>
  <testcase name="test0037" classname="RegressionTest0" time="0"/>
  <testcase name="test0038" classname="RegressionTest0" time="0"/>
  <testcase name="test0039" classname="RegressionTest0" time="0"/>
  <testcase name="test0040" classname="RegressionTest0" time="0"/>
  <testcase name="test0041" classname="RegressionTest0" time="0.001"/>
  <testcase name="test0042" classname="RegressionTest0" time="0"/>
  <testcase name="test0043" classname="RegressionTest0" time="0.002"/>
  <testcase name="test0044" classname="RegressionTest0" time="0.001"/>
  <testcase name="test0045" classname="RegressionTest0" time="0"/>
  <testcase name="test0046" classname="RegressionTest0" time="0.001"/>
  <testcase name="test0047" classname="RegressionTest0" time="0"/>
  <testcase name="test0048" classname="RegressionTest0" time="0.001"/>
  <testcase name="test0049" classname="RegressionTest0" time="0"/>
  <testcase name="test0050" classname="RegressionTest0" time="0.001"/>
  <testcase name="test0051" classname="RegressionTest0" time="0.001"/>
  <testcase name="test0052" classname="RegressionTest0" time="0.001"/>
  <testcase name="test0053" classname="RegressionTest0" time="0"/>
  <testcase name="test0054" classname="RegressionTest0" time="0.001"/>
  <testcase name="test0055" classname="RegressionTest0" time="0"/>
  <testcase name="test0056" classname="RegressionTest0" time="0.002"/>
  <testcase name="test0057" classname="RegressionTest0" time="0"/>
  <testcase name="test0058" classname="RegressionTest0" time="0.001"/>
  <testcase name="test0059" classname="RegressionTest0" time="0.001"/>
  <testcase name="test0060" classname="RegressionTest0" time="0"/>
  <testcase name="test0061" classname="RegressionTest0" time="0.001"/>
  <testcase name="test0062" classname="RegressionTest0" time="0"/>
  <testcase name="test0063" classname="RegressionTest0" time="0.001"/>
  <testcase name="test0064" classname="RegressionTest0" time="0"/>
  <testcase name="test0065" classname="RegressionTest0" time="0.001"/>
  <testcase name="test0066" classname="RegressionTest0" time="0"/>
  <testcase name="test0067" classname="RegressionTest0" time="0.001"/>
  <testcase name="test0068" classname="RegressionTest0" time="0"/>
  <testcase name="test0069" classname="RegressionTest0" time="0.001"/>
  <testcase name="test0070" classname="RegressionTest0" time="0.001"/>
  <testcase name="test0071" classname="RegressionTest0" time="0"/>
  <testcase name="test0072" classname="RegressionTest0" time="0"/>
  <testcase name="test0073" classname="RegressionTest0" time="0.001"/>
  <testcase name="test0074" classname="RegressionTest0" time="0"/>
  <testcase name="test0075" classname="RegressionTest0" time="0.002"/>
  <testcase name="test0076" classname="RegressionTest0" time="0"/>
  <testcase name="test0077" classname="RegressionTest0" time="0"/>
  <testcase name="test0078" classname="RegressionTest0" time="0"/>
  <testcase name="test0079" classname="RegressionTest0" time="0"/>
  <testcase name="test0080" classname="RegressionTest0" time="0"/>
  <testcase name="test0081" classname="RegressionTest0" time="0.001"/>
  <testcase name="test0082" classname="RegressionTest0" time="0.003"/>
  <testcase name="test0083" classname="RegressionTest0" time="0"/>
  <testcase name="test0084" classname="RegressionTest0" time="0.001"/>
  <testcase name="test0085" classname="RegressionTest0" time="0"/>
  <testcase name="test0086" classname="RegressionTest0" time="0.001"/>
  <testcase name="test0087" classname="RegressionTest0" time="0"/>
  <testcase name="test0088" classname="RegressionTest0" time="0"/>
  <testcase name="test0089" classname="RegressionTest0" time="0"/>
  <testcase name="test0090" classname="RegressionTest0" time="0.001"/>
  <testcase name="test0091" classname="RegressionTest0" time="0"/>
  <testcase name="test0092" classname="RegressionTest0" time="0"/>
  <testcase name="test0093" classname="RegressionTest0" time="0.001"/>
  <testcase name="test0094" classname="RegressionTest0" time="0"/>
  <testcase name="test0095" classname="RegressionTest0" time="0.001"/>
  <testcase name="test0096" classname="RegressionTest0" time="0"/>
  <testcase name="test0097" classname="RegressionTest0" time="0.001"/>
  <testcase name="test0098" classname="RegressionTest0" time="0"/>
  <testcase name="test0099" classname="RegressionTest0" time="0"/>
  <testcase name="test0100" classname="RegressionTest0" time="0.001"/>
  <testcase name="test0101" classname="RegressionTest0" time="0.001"/>
  <testcase name="test0102" classname="RegressionTest0" time="0"/>
  <testcase name="test0103" classname="RegressionTest0" time="0.001"/>
  <testcase name="test0104" classname="RegressionTest0" time="0"/>
  <testcase name="test0105" classname="RegressionTest0" time="0"/>
  <testcase name="test0106" classname="RegressionTest0" time="0"/>
  <testcase name="test0107" classname="RegressionTest0" time="0.001"/>
  <testcase name="test0108" classname="RegressionTest0" time="0"/>
  <testcase name="test0109" classname="RegressionTest0" time="0"/>
  <testcase name="test0110" classname="RegressionTest0" time="0.001"/>
  <testcase name="test0111" classname="RegressionTest0" time="0"/>
  <testcase name="test0112" classname="RegressionTest0" time="0"/>
  <testcase name="test0113" classname="RegressionTest0" time="0"/>
  <testcase name="test0114" classname="RegressionTest0" time="0.001"/>
  <testcase name="test0115" classname="RegressionTest0" time="0"/>
  <testcase name="test0116" classname="RegressionTest0" time="0"/>
  <testcase name="test0117" classname="RegressionTest0" time="0.001"/>
  <testcase name="test0118" classname="RegressionTest0" time="0"/>
  <testcase name="test0119" classname="RegressionTest0" time="0"/>
  <testcase name="test0120" classname="RegressionTest0" time="0"/>
  <testcase name="test0121" classname="RegressionTest0" time="0"/>
  <testcase name="test0122" classname="RegressionTest0" time="0"/>
  <testcase name="test0123" classname="RegressionTest0" time="0.001"/>
  <testcase name="test0124" classname="RegressionTest0" time="0"/>
  <testcase name="test0125" classname="RegressionTest0" time="0"/>
  <testcase name="test0126" classname="RegressionTest0" time="0"/>
  <testcase name="test0127" classname="RegressionTest0" time="0.001"/>
  <testcase name="test0128" classname="RegressionTest0" time="0.001"/>
  <testcase name="test0129" classname="RegressionTest0" time="0"/>
  <testcase name="test0130" classname="RegressionTest0" time="0"/>
  <testcase name="test0131" classname="RegressionTest0" time="0.001"/>
  <testcase name="test0132" classname="RegressionTest0" time="0"/>
  <testcase name="test0133" classname="RegressionTest0" time="0"/>
  <testcase name="test0134" classname="RegressionTest0" time="0"/>
  <testcase name="test0135" classname="RegressionTest0" time="0.001"/>
  <testcase name="test0136" classname="RegressionTest0" time="0"/>
  <testcase name="test0137" classname="RegressionTest0" time="0"/>
  <testcase name="test0138" classname="RegressionTest0" time="0.001"/>
  <testcase name="test0139" classname="RegressionTest0" time="0"/>
  <testcase name="test0140" classname="RegressionTest0" time="0"/>
  <testcase name="test0141" classname="RegressionTest0" time="0"/>
  <testcase name="test0142" classname="RegressionTest0" time="0"/>
  <testcase name="test0143" classname="RegressionTest0" time="0"/>
  <testcase name="test0144" classname="RegressionTest0" time="0"/>
  <testcase name="test0145" classname="RegressionTest0" time="0.001"/>
  <testcase name="test0146" classname="RegressionTest0" time="0"/>
  <testcase name="test0147" classname="RegressionTest0" time="0"/>
  <testcase name="test0148" classname="RegressionTest0" time="0"/>
  <testcase name="test0149" classname="RegressionTest0" time="0"/>
  <testcase name="test0150" classname="RegressionTest0" time="0"/>
  <testcase name="test0151" classname="RegressionTest0" time="0"/>
  <testcase name="test0152" classname="RegressionTest0" time="0.001"/>
  <testcase name="test0153" classname="RegressionTest0" time="0"/>
  <testcase name="test0154" classname="RegressionTest0" time="0"/>
  <testcase name="test0155" classname="RegressionTest0" time="0"/>
  <testcase name="test0156" classname="RegressionTest0" time="0.001"/>
  <testcase name="test0157" classname="RegressionTest0" time="0"/>
  <testcase name="test0158" classname="RegressionTest0" time="0"/>
  <testcase name="test0159" classname="RegressionTest0" time="0"/>
  <testcase name="test0160" classname="RegressionTest0" time="0"/>
  <testcase name="test0161" classname="RegressionTest0" time="0"/>
  <testcase name="test0162" classname="RegressionTest0" time="0"/>
  <testcase name="test0163" classname="RegressionTest0" time="0"/>
  <testcase name="test0164" classname="RegressionTest0" time="0"/>
  <testcase name="test0165" classname="RegressionTest0" time="0"/>
  <testcase name="test0166" classname="RegressionTest0" time="0"/>
  <testcase name="test0167" classname="RegressionTest0" time="0"/>
  <testcase name="test0168" classname="RegressionTest0" time="0"/>
  <testcase name="test0169" classname="RegressionTest0" time="0.001"/>
  <testcase name="test0170" classname="RegressionTest0" time="0"/>
  <testcase name="test0171" classname="RegressionTest0" time="0"/>
  <testcase name="test0172" classname="RegressionTest0" time="0"/>
  <testcase name="test0173" classname="RegressionTest0" time="0.001"/>
  <testcase name="test0174" classname="RegressionTest0" time="0"/>
  <testcase name="test0175" classname="RegressionTest0" time="0"/>
  <testcase name="test0176" classname="RegressionTest0" time="0"/>
  <testcase name="test0177" classname="RegressionTest0" time="0.001"/>
  <testcase name="test0178" classname="RegressionTest0" time="0"/>
  <testcase name="test0179" classname="RegressionTest0" time="0.001"/>
  <testcase name="test0180" classname="RegressionTest0" time="0"/>
  <testcase name="test0181" classname="RegressionTest0" time="0"/>
  <testcase name="test0182" classname="RegressionTest0" time="0.001"/>
  <testcase name="test0183" classname="RegressionTest0" time="0"/>
  <testcase name="test0184" classname="RegressionTest0" time="0.001"/>
  <testcase name="test0185" classname="RegressionTest0" time="0"/>
  <testcase name="test0186" classname="RegressionTest0" time="0"/>
  <testcase name="test0187" classname="RegressionTest0" time="0.001"/>
  <testcase name="test0188" classname="RegressionTest0" time="0"/>
  <testcase name="test0189" classname="RegressionTest0" time="0"/>
  <testcase name="test0190" classname="RegressionTest0" time="0.002"/>
  <testcase name="test0191" classname="RegressionTest0" time="0"/>
  <testcase name="test0192" classname="RegressionTest0" time="0"/>
  <testcase name="test0193" classname="RegressionTest0" time="0"/>
  <testcase name="test0194" classname="RegressionTest0" time="0.001"/>
  <testcase name="test0195" classname="RegressionTest0" time="0"/>
  <testcase name="test0196" classname="RegressionTest0" time="0"/>
  <testcase name="test0197" classname="RegressionTest0" time="0"/>
  <testcase name="test0198" classname="RegressionTest0" time="0"/>
  <testcase name="test0199" classname="RegressionTest0" time="0"/>
  <testcase name="test0200" classname="RegressionTest0" time="0.001"/>
  <testcase name="test0201" classname="RegressionTest0" time="0"/>
  <testcase name="test0202" classname="RegressionTest0" time="0.001"/>
  <testcase name="test0203" classname="RegressionTest0" time="0"/>
  <testcase name="test0204" classname="RegressionTest0" time="0"/>
  <testcase name="test0205" classname="RegressionTest0" time="0"/>
  <testcase name="test0206" classname="RegressionTest0" time="0.001"/>
  <testcase name="test0207" classname="RegressionTest0" time="0"/>
  <testcase name="test0208" classname="RegressionTest0" time="0.001"/>
  <testcase name="test0209" classname="RegressionTest0" time="0"/>
  <testcase name="test0210" classname="RegressionTest0" time="0"/>
  <testcase name="test0211" classname="RegressionTest0" time="0.001"/>
  <testcase name="test0212" classname="RegressionTest0" time="0"/>
  <testcase name="test0213" classname="RegressionTest0" time="0"/>
  <testcase name="test0214" classname="RegressionTest0" time="0"/>
  <testcase name="test0215" classname="RegressionTest0" time="0"/>
  <testcase name="test0216" classname="RegressionTest0" time="0"/>
  <testcase name="test0217" classname="RegressionTest0" time="0"/>
  <testcase name="test0218" classname="RegressionTest0" time="0"/>
  <testcase name="test0219" classname="RegressionTest0" time="0"/>
  <testcase name="test0220" classname="RegressionTest0" time="0.001"/>
  <testcase name="test0221" classname="RegressionTest0" time="0"/>
  <testcase name="test0222" classname="RegressionTest0" time="0"/>
  <testcase name="test0223" classname="RegressionTest0" time="0"/>
  <testcase name="test0224" classname="RegressionTest0" time="0"/>
  <testcase name="test0225" classname="RegressionTest0" time="0"/>
  <testcase name="test0226" classname="RegressionTest0" time="0"/>
  <testcase name="test0227" classname="RegressionTest0" time="0"/>
  <testcase name="test0228" classname="RegressionTest0" time="0.001"/>
  <testcase name="test0229" classname="RegressionTest0" time="0"/>
  <testcase name="test0230" classname="RegressionTest0" time="0"/>
  <testcase name="test0231" classname="RegressionTest0" time="0"/>
  <testcase name="test0232" classname="RegressionTest0" time="0"/>
  <testcase name="test0233" classname="RegressionTest0" time="0"/>
  <testcase name="test0234" classname="RegressionTest0" time="0"/>
  <testcase name="test0235" classname="RegressionTest0" time="0"/>
  <testcase name="test0236" classname="RegressionTest0" time="0"/>
  <testcase name="test0237" classname="RegressionTest0" time="0"/>
  <testcase name="test0238" classname="RegressionTest0" time="0.002"/>
  <testcase name="test0239" classname="RegressionTest0" time="0"/>
  <testcase name="test0240" classname="RegressionTest0" time="0"/>
  <testcase name="test0241" classname="RegressionTest0" time="0"/>
  <testcase name="test0242" classname="RegressionTest0" time="0.001"/>
  <testcase name="test0243" classname="RegressionTest0" time="0"/>
  <testcase name="test0244" classname="RegressionTest0" time="0"/>
  <testcase name="test0245" classname="RegressionTest0" time="0.001"/>
  <testcase name="test0246" classname="RegressionTest0" time="0"/>
  <testcase name="test0247" classname="RegressionTest0" time="0"/>
  <testcase name="test0248" classname="RegressionTest0" time="0.001"/>
  <testcase name="test0249" classname="RegressionTest0" time="0"/>
  <testcase name="test0250" classname="RegressionTest0" time="0"/>
  <testcase name="test0251" classname="RegressionTest0" time="0.001"/>
  <testcase name="test0252" classname="RegressionTest0" time="0"/>
  <testcase name="test0253" classname="RegressionTest0" time="0"/>
  <testcase name="test0254" classname="RegressionTest0" time="0.001"/>
  <testcase name="test0255" classname="RegressionTest0" time="0"/>
  <testcase name="test0256" classname="RegressionTest0" time="0.001"/>
  <testcase name="test0257" classname="RegressionTest0" time="0"/>
  <testcase name="test0258" classname="RegressionTest0" time="0"/>
  <testcase name="test0259" classname="RegressionTest0" time="0.001"/>
  <testcase name="test0260" classname="RegressionTest0" time="0"/>
  <testcase name="test0261" classname="RegressionTest0" time="0.001"/>
  <testcase name="test0262" classname="RegressionTest0" time="0"/>
  <testcase name="test0263" classname="RegressionTest0" time="0"/>
  <testcase name="test0264" classname="RegressionTest0" time="0"/>
  <testcase name="test0265" classname="RegressionTest0" time="0.001"/>
  <testcase name="test0266" classname="RegressionTest0" time="0"/>
  <testcase name="test0267" classname="RegressionTest0" time="0"/>
  <testcase name="test0268" classname="RegressionTest0" time="0.001"/>
  <testcase name="test0269" classname="RegressionTest0" time="0"/>
  <testcase name="test0270" classname="RegressionTest0" time="0"/>
  <testcase name="test0271" classname="RegressionTest0" time="0"/>
  <testcase name="test0272" classname="RegressionTest0" time="0"/>
  <testcase name="test0273" classname="RegressionTest0" time="0.001"/>
  <testcase name="test0274" classname="RegressionTest0" time="0"/>
  <testcase name="test0275" classname="RegressionTest0" time="0"/>
  <testcase name="test0276" classname="RegressionTest0" time="0"/>
  <testcase name="test0277" classname="RegressionTest0" time="0"/>
  <testcase name="test0278" classname="RegressionTest0" time="0.001"/>
  <testcase name="test0279" classname="RegressionTest0" time="0"/>
  <testcase name="test0280" classname="RegressionTest0" time="0"/>
  <testcase name="test0281" classname="RegressionTest0" time="0"/>
  <testcase name="test0282" classname="RegressionTest0" time="0"/>
  <testcase name="test0283" classname="RegressionTest0" time="0.001"/>
  <testcase name="test0284" classname="RegressionTest0" time="0"/>
  <testcase name="test0285" classname="RegressionTest0" time="0"/>
  <testcase name="test0286" classname="RegressionTest0" time="0"/>
  <testcase name="test0287" classname="RegressionTest0" time="0"/>
  <testcase name="test0288" classname="RegressionTest0" time="0.001"/>
  <testcase name="test0289" classname="RegressionTest0" time="0"/>
  <testcase name="test0290" classname="RegressionTest0" time="0"/>
  <testcase name="test0291" classname="RegressionTest0" time="0"/>
  <testcase name="test0292" classname="RegressionTest0" time="0"/>
  <testcase name="test0293" classname="RegressionTest0" time="0"/>
  <testcase name="test0294" classname="RegressionTest0" time="0"/>
  <testcase name="test0295" classname="RegressionTest0" time="0.002"/>
  <testcase name="test0296" classname="RegressionTest0" time="0"/>
  <testcase name="test0297" classname="RegressionTest0" time="0"/>
  <testcase name="test0298" classname="RegressionTest0" time="0"/>
  <testcase name="test0299" classname="RegressionTest0" time="0.001"/>
  <testcase name="test0300" classname="RegressionTest0" time="0"/>
  <testcase name="test0301" classname="RegressionTest0" time="0"/>
  <testcase name="test0302" classname="RegressionTest0" time="0"/>
  <testcase name="test0303" classname="RegressionTest0" time="0.001"/>
  <testcase name="test0304" classname="RegressionTest0" time="0"/>
  <testcase name="test0305" classname="RegressionTest0" time="0"/>
  <testcase name="test0306" classname="RegressionTest0" time="0"/>
  <testcase name="test0307" classname="RegressionTest0" time="0"/>
  <testcase name="test0308" classname="RegressionTest0" time="0"/>
  <testcase name="test0309" classname="RegressionTest0" time="0"/>
  <testcase name="test0310" classname="RegressionTest0" time="0"/>
  <testcase name="test0311" classname="RegressionTest0" time="0"/>
  <testcase name="test0312" classname="RegressionTest0" time="0"/>
  <testcase name="test0313" classname="RegressionTest0" time="0"/>
  <testcase name="test0314" classname="RegressionTest0" time="0.001"/>
  <testcase name="test0315" classname="RegressionTest0" time="0"/>
  <testcase name="test0316" classname="RegressionTest0" time="0"/>
  <testcase name="test0317" classname="RegressionTest0" time="0.001"/>
  <testcase name="test0318" classname="RegressionTest0" time="0"/>
  <testcase name="test0319" classname="RegressionTest0" time="0"/>
  <testcase name="test0320" classname="RegressionTest0" time="0.001"/>
  <testcase name="test0321" classname="RegressionTest0" time="0"/>
  <testcase name="test0322" classname="RegressionTest0" time="0"/>
  <testcase name="test0323" classname="RegressionTest0" time="0"/>
  <testcase name="test0324" classname="RegressionTest0" time="0"/>
  <testcase name="test0325" classname="RegressionTest0" time="0.001"/>
  <testcase name="test0326" classname="RegressionTest0" time="0"/>
  <testcase name="test0327" classname="RegressionTest0" time="0"/>
  <testcase name="test0328" classname="RegressionTest0" time="0"/>
  <testcase name="test0329" classname="RegressionTest0" time="0"/>
  <testcase name="test0330" classname="RegressionTest0" time="0"/>
  <testcase name="test0331" classname="RegressionTest0" time="0"/>
  <testcase name="test0332" classname="RegressionTest0" time="0.001"/>
  <testcase name="test0333" classname="RegressionTest0" time="0"/>
  <testcase name="test0334" classname="RegressionTest0" time="0"/>
  <testcase name="test0335" classname="RegressionTest0" time="0"/>
  <testcase name="test0336" classname="RegressionTest0" time="0"/>
  <testcase name="test0337" classname="RegressionTest0" time="0.001"/>
  <testcase name="test0338" classname="RegressionTest0" time="0"/>
  <testcase name="test0339" classname="RegressionTest0" time="0"/>
  <testcase name="test0340" classname="RegressionTest0" time="0"/>
  <testcase name="test0341" classname="RegressionTest0" time="0"/>
  <testcase name="test0342" classname="RegressionTest0" time="0"/>
  <testcase name="test0343" classname="RegressionTest0" time="0.001"/>
  <testcase name="test0344" classname="RegressionTest0" time="0"/>
  <testcase name="test0345" classname="RegressionTest0" time="0"/>
  <testcase name="test0346" classname="RegressionTest0" time="0"/>
  <testcase name="test0347" classname="RegressionTest0" time="0"/>
  <testcase name="test0348" classname="RegressionTest0" time="0"/>
  <testcase name="test0349" classname="RegressionTest0" time="0.002"/>
  <testcase name="test0350" classname="RegressionTest0" time="0"/>
  <testcase name="test0351" classname="RegressionTest0" time="0"/>
  <testcase name="test0352" classname="RegressionTest0" time="0"/>
  <testcase name="test0353" classname="RegressionTest0" time="0"/>
  <testcase name="test0354" classname="RegressionTest0" time="0"/>
  <testcase name="test0355" classname="RegressionTest0" time="0"/>
  <testcase name="test0356" classname="RegressionTest0" time="0"/>
  <testcase name="test0357" classname="RegressionTest0" time="0"/>
  <testcase name="test0358" classname="RegressionTest0" time="0"/>
  <testcase name="test0359" classname="RegressionTest0" time="0"/>
  <testcase name="test0360" classname="RegressionTest0" time="0.001"/>
  <testcase name="test0361" classname="RegressionTest0" time="0"/>
  <testcase name="test0362" classname="RegressionTest0" time="0"/>
  <testcase name="test0363" classname="RegressionTest0" time="0.001"/>
  <testcase name="test0364" classname="RegressionTest0" time="0"/>
  <testcase name="test0365" classname="RegressionTest0" time="0"/>
  <testcase name="test0366" classname="RegressionTest0" time="0"/>
  <testcase name="test0367" classname="RegressionTest0" time="0.001"/>
  <testcase name="test0368" classname="RegressionTest0" time="0"/>
  <testcase name="test0369" classname="RegressionTest0" time="0"/>
  <testcase name="test0370" classname="RegressionTest0" time="0"/>
  <testcase name="test0371" classname="RegressionTest0" time="0.001"/>
  <testcase name="test0372" classname="RegressionTest0" time="0"/>
  <testcase name="test0373" classname="RegressionTest0" time="0"/>
  <testcase name="test0374" classname="RegressionTest0" time="0"/>
  <testcase name="test0375" classname="RegressionTest0" time="0"/>
  <testcase name="test0376" classname="RegressionTest0" time="0"/>
  <testcase name="test0377" classname="RegressionTest0" time="0"/>
  <testcase name="test0378" classname="RegressionTest0" time="0"/>
  <testcase name="test0379" classname="RegressionTest0" time="0.001"/>
  <testcase name="test0380" classname="RegressionTest0" time="0"/>
  <testcase name="test0381" classname="RegressionTest0" time="0"/>
  <testcase name="test0382" classname="RegressionTest0" time="0.001"/>
  <testcase name="test0383" classname="RegressionTest0" time="0"/>
  <testcase name="test0384" classname="RegressionTest0" time="0"/>
  <testcase name="test0385" classname="RegressionTest0" time="0.001"/>
  <testcase name="test0386" classname="RegressionTest0" time="0"/>
  <testcase name="test0387" classname="RegressionTest0" time="0"/>
  <testcase name="test0388" classname="RegressionTest0" time="0"/>
  <testcase name="test0389" classname="RegressionTest0" time="0"/>
  <testcase name="test0390" classname="RegressionTest0" time="0.001"/>
  <testcase name="test0391" classname="RegressionTest0" time="0"/>
  <testcase name="test0392" classname="RegressionTest0" time="0"/>
  <testcase name="test0393" classname="RegressionTest0" time="0"/>
  <testcase name="test0394" classname="RegressionTest0" time="0.001"/>
  <testcase name="test0395" classname="RegressionTest0" time="0"/>
  <testcase name="test0396" classname="RegressionTest0" time="0"/>
  <testcase name="test0397" classname="RegressionTest0" time="0"/>
  <testcase name="test0398" classname="RegressionTest0" time="0.001"/>
  <testcase name="test0399" classname="RegressionTest0" time="0"/>
  <testcase name="test0400" classname="RegressionTest0" time="0"/>
  <testcase name="test0401" classname="RegressionTest0" time="0"/>
  <testcase name="test0402" classname="RegressionTest0" time="0"/>
  <testcase name="test0403" classname="RegressionTest0" time="0"/>
  <testcase name="test0404" classname="RegressionTest0" time="0.001"/>
  <testcase name="test0405" classname="RegressionTest0" time="0"/>
  <testcase name="test0406" classname="RegressionTest0" time="0"/>
  <testcase name="test0407" classname="RegressionTest0" time="0"/>
  <testcase name="test0408" classname="RegressionTest0" time="0.001"/>
  <testcase name="test0409" classname="RegressionTest0" time="0"/>
  <testcase name="test0410" classname="RegressionTest0" time="0"/>
  <testcase name="test0411" classname="RegressionTest0" time="0.001"/>
  <testcase name="test0412" classname="RegressionTest0" time="0"/>
  <testcase name="test0413" classname="RegressionTest0" time="0"/>
  <testcase name="test0414" classname="RegressionTest0" time="0"/>
  <testcase name="test0415" classname="RegressionTest0" time="0"/>
  <testcase name="test0416" classname="RegressionTest0" time="0.001"/>
  <testcase name="test0417" classname="RegressionTest0" time="0"/>
  <testcase name="test0418" classname="RegressionTest0" time="0"/>
  <testcase name="test0419" classname="RegressionTest0" time="0"/>
  <testcase name="test0420" classname="RegressionTest0" time="0.001"/>
  <testcase name="test0421" classname="RegressionTest0" time="0"/>
  <testcase name="test0422" classname="RegressionTest0" time="0"/>
  <testcase name="test0423" classname="RegressionTest0" time="0"/>
  <testcase name="test0424" classname="RegressionTest0" time="0.001"/>
  <testcase name="test0425" classname="RegressionTest0" time="0"/>
  <testcase name="test0426" classname="RegressionTest0" time="0"/>
  <testcase name="test0427" classname="RegressionTest0" time="0"/>
  <testcase name="test0428" classname="RegressionTest0" time="0.001"/>
  <testcase name="test0429" classname="RegressionTest0" time="0"/>
  <testcase name="test0430" classname="RegressionTest0" time="0"/>
  <testcase name="test0431" classname="RegressionTest0" time="0"/>
  <testcase name="test0432" classname="RegressionTest0" time="0.001"/>
  <testcase name="test0433" classname="RegressionTest0" time="0"/>
  <testcase name="test0434" classname="RegressionTest0" time="0"/>
  <testcase name="test0435" classname="RegressionTest0" time="0.001"/>
  <testcase name="test0436" classname="RegressionTest0" time="0"/>
  <testcase name="test0437" classname="RegressionTest0" time="0"/>
  <testcase name="test0438" classname="RegressionTest0" time="0"/>
  <testcase name="test0439" classname="RegressionTest0" time="0"/>
  <testcase name="test0440" classname="RegressionTest0" time="0"/>
  <testcase name="test0441" classname="RegressionTest0" time="0"/>
  <testcase name="test0442" classname="RegressionTest0" time="0.001"/>
  <testcase name="test0443" classname="RegressionTest0" time="0"/>
  <testcase name="test0444" classname="RegressionTest0" time="0"/>
  <testcase name="test0445" classname="RegressionTest0" time="0.001"/>
  <testcase name="test0446" classname="RegressionTest0" time="0"/>
  <testcase name="test0447" classname="RegressionTest0" time="0"/>
  <testcase name="test0448" classname="RegressionTest0" time="0"/>
  <testcase name="test0449" classname="RegressionTest0" time="0"/>
  <testcase name="test0450" classname="RegressionTest0" time="0"/>
  <testcase name="test0451" classname="RegressionTest0" time="0.001"/>
  <testcase name="test0452" classname="RegressionTest0" time="0"/>
  <testcase name="test0453" classname="RegressionTest0" time="0"/>
  <testcase name="test0454" classname="RegressionTest0" time="0"/>
  <testcase name="test0455" classname="RegressionTest0" time="0.001"/>
  <testcase name="test0456" classname="RegressionTest0" time="0"/>
  <testcase name="test0457" classname="RegressionTest0" time="0"/>
  <testcase name="test0458" classname="RegressionTest0" time="0"/>
  <testcase name="test0459" classname="RegressionTest0" time="0.001"/>
  <testcase name="test0460" classname="RegressionTest0" time="0"/>
  <testcase name="test0461" classname="RegressionTest0" time="0"/>
  <testcase name="test0462" classname="RegressionTest0" time="0"/>
  <testcase name="test0463" classname="RegressionTest0" time="0.001"/>
  <testcase name="test0464" classname="RegressionTest0" time="0"/>
  <testcase name="test0465" classname="RegressionTest0" time="0"/>
  <testcase name="test0466" classname="RegressionTest0" time="0.001"/>
  <testcase name="test0467" classname="RegressionTest0" time="0"/>
  <testcase name="test0468" classname="RegressionTest0" time="0"/>
  <testcase name="test0469" classname="RegressionTest0" time="0"/>
  <testcase name="test0470" classname="RegressionTest0" time="0.001"/>
  <testcase name="test0471" classname="RegressionTest0" time="0"/>
  <testcase name="test0472" classname="RegressionTest0" time="0"/>
  <testcase name="test0473" classname="RegressionTest0" time="0"/>
  <testcase name="test0474" classname="RegressionTest0" time="0"/>
  <testcase name="test0475" classname="RegressionTest0" time="0.001"/>
  <testcase name="test0476" classname="RegressionTest0" time="0"/>
  <testcase name="test0477" classname="RegressionTest0" time="0"/>
  <testcase name="test0478" classname="RegressionTest0" time="0.002"/>
  <testcase name="test0479" classname="RegressionTest0" time="0"/>
  <testcase name="test0480" classname="RegressionTest0" time="0"/>
  <testcase name="test0481" classname="RegressionTest0" time="0"/>
  <testcase name="test0482" classname="RegressionTest0" time="0.001"/>
  <testcase name="test0483" classname="RegressionTest0" time="0"/>
  <testcase name="test0484" classname="RegressionTest0" time="0"/>
  <testcase name="test0485" classname="RegressionTest0" time="0"/>
  <testcase name="test0486" classname="RegressionTest0" time="0"/>
  <testcase name="test0487" classname="RegressionTest0" time="0"/>
  <testcase name="test0488" classname="RegressionTest0" time="0"/>
  <testcase name="test0489" classname="RegressionTest0" time="0"/>
  <testcase name="test0490" classname="RegressionTest0" time="0.001"/>
  <testcase name="test0491" classname="RegressionTest0" time="0"/>
  <testcase name="test0492" classname="RegressionTest0" time="0.001"/>
  <testcase name="test0493" classname="RegressionTest0" time="0"/>
  <testcase name="test0494" classname="RegressionTest0" time="0"/>
  <testcase name="test0495" classname="RegressionTest0" time="0"/>
  <testcase name="test0496" classname="RegressionTest0" time="0.001"/>
  <testcase name="test0497" classname="RegressionTest0" time="0"/>
  <testcase name="test0498" classname="RegressionTest0" time="0"/>
  <testcase name="test0499" classname="RegressionTest0" time="0"/>
  <testcase name="test0500" classname="RegressionTest0" time="0"/>
  <testcase name="test0501" classname="RegressionTest1" time="0.001"/>
  <testcase name="test0502" classname="RegressionTest1" time="0"/>
  <testcase name="test0503" classname="RegressionTest1" time="0"/>
  <testcase name="test0504" classname="RegressionTest1" time="0"/>
  <testcase name="test0505" classname="RegressionTest1" time="0"/>
  <testcase name="test0506" classname="RegressionTest1" time="0"/>
  <testcase name="test0507" classname="RegressionTest1" time="0.001"/>
  <testcase name="test0508" classname="RegressionTest1" time="0"/>
  <testcase name="test0509" classname="RegressionTest1" time="0"/>
  <testcase name="test0510" classname="RegressionTest1" time="0"/>
  <testcase name="test0511" classname="RegressionTest1" time="0"/>
  <testcase name="test0512" classname="RegressionTest1" time="0"/>
  <testcase name="test0513" classname="RegressionTest1" time="0"/>
  <testcase name="test0514" classname="RegressionTest1" time="0.001"/>
  <testcase name="test0515" classname="RegressionTest1" time="0"/>
  <testcase name="test0516" classname="RegressionTest1" time="0"/>
  <testcase name="test0517" classname="RegressionTest1" time="0"/>
  <testcase name="test0518" classname="RegressionTest1" time="0"/>
  <testcase name="test0519" classname="RegressionTest1" time="0"/>
  <testcase name="test0520" classname="RegressionTest1" time="0.001"/>
  <testcase name="test0521" classname="RegressionTest1" time="0"/>
  <testcase name="test0522" classname="RegressionTest1" time="0"/>
  <testcase name="test0523" classname="RegressionTest1" time="0"/>
  <testcase name="test0524" classname="RegressionTest1" time="0"/>
  <testcase name="test0525" classname="RegressionTest1" time="0"/>
  <testcase name="test0526" classname="RegressionTest1" time="0"/>
  <testcase name="test0527" classname="RegressionTest1" time="0"/>
  <testcase name="test0528" classname="RegressionTest1" time="0.001"/>
  <testcase name="test0529" classname="RegressionTest1" time="0"/>
  <testcase name="test0530" classname="RegressionTest1" time="0"/>
  <testcase name="test0531" classname="RegressionTest1" time="0"/>
  <testcase name="test0532" classname="RegressionTest1" time="0"/>
  <testcase name="test0533" classname="RegressionTest1" time="0"/>
  <testcase name="test0534" classname="RegressionTest1" time="0.001"/>
  <testcase name="test0535" classname="RegressionTest1" time="0"/>
  <testcase name="test0536" classname="RegressionTest1" time="0"/>
  <testcase name="test0537" classname="RegressionTest1" time="0"/>
  <testcase name="test0538" classname="RegressionTest1" time="0"/>
  <testcase name="test0539" classname="RegressionTest1" time="0"/>
  <testcase name="test0540" classname="RegressionTest1" time="0"/>
  <testcase name="test0541" classname="RegressionTest1" time="0.001"/>
  <testcase name="test0542" classname="RegressionTest1" time="0"/>
  <testcase name="test0543" classname="RegressionTest1" time="0"/>
  <testcase name="test0544" classname="RegressionTest1" time="0"/>
  <testcase name="test0545" classname="RegressionTest1" time="0"/>
  <testcase name="test0546" classname="RegressionTest1" time="0"/>
  <testcase name="test0547" classname="RegressionTest1" time="0"/>
  <testcase name="test0548" classname="RegressionTest1" time="0"/>
  <testcase name="test0549" classname="RegressionTest1" time="0.001"/>
  <testcase name="test0550" classname="RegressionTest1" time="0"/>
  <testcase name="test0551" classname="RegressionTest1" time="0"/>
  <testcase name="test0552" classname="RegressionTest1" time="0"/>
  <testcase name="test0553" classname="RegressionTest1" time="0"/>
  <testcase name="test0554" classname="RegressionTest1" time="0"/>
  <testcase name="test0555" classname="RegressionTest1" time="0"/>
  <testcase name="test0556" classname="RegressionTest1" time="0"/>
  <testcase name="test0557" classname="RegressionTest1" time="0.001"/>
  <testcase name="test0558" classname="RegressionTest1" time="0"/>
  <testcase name="test0559" classname="RegressionTest1" time="0"/>
  <testcase name="test0560" classname="RegressionTest1" time="0"/>
  <testcase name="test0561" classname="RegressionTest1" time="0"/>
  <testcase name="test0562" classname="RegressionTest1" time="0"/>
  <testcase name="test0563" classname="RegressionTest1" time="0"/>
  <testcase name="test0564" classname="RegressionTest1" time="0"/>
  <testcase name="test0565" classname="RegressionTest1" time="0"/>
  <testcase name="test0566" classname="RegressionTest1" time="0.002"/>
  <testcase name="test0567" classname="RegressionTest1" time="0"/>
  <testcase name="test0568" classname="RegressionTest1" time="0"/>
  <testcase name="test0569" classname="RegressionTest1" time="0"/>
  <testcase name="test0570" classname="RegressionTest1" time="0"/>
  <testcase name="test0571" classname="RegressionTest1" time="0"/>
  <testcase name="test0572" classname="RegressionTest1" time="0"/>
  <testcase name="test0573" classname="RegressionTest1" time="0.001"/>
  <testcase name="test0574" classname="RegressionTest1" time="0"/>
  <testcase name="test0575" classname="RegressionTest1" time="0"/>
  <testcase name="test0576" classname="RegressionTest1" time="0"/>
  <testcase name="test0577" classname="RegressionTest1" time="0"/>
  <testcase name="test0578" classname="RegressionTest1" time="0"/>
  <testcase name="test0579" classname="RegressionTest1" time="0"/>
  <testcase name="test0580" classname="RegressionTest1" time="0"/>
  <testcase name="test0581" classname="RegressionTest1" time="0"/>
  <testcase name="test0582" classname="RegressionTest1" time="0"/>
  <testcase name="test0583" classname="RegressionTest1" time="0.001"/>
  <testcase name="test0584" classname="RegressionTest1" time="0"/>
  <testcase name="test0585" classname="RegressionTest1" time="0"/>
  <testcase name="test0586" classname="RegressionTest1" time="0"/>
  <testcase name="test0587" classname="RegressionTest1" time="0"/>
  <testcase name="test0588" classname="RegressionTest1" time="0"/>
  <testcase name="test0589" classname="RegressionTest1" time="0.001"/>
  <testcase name="test0590" classname="RegressionTest1" time="0"/>
  <testcase name="test0591" classname="RegressionTest1" time="0"/>
  <testcase name="test0592" classname="RegressionTest1" time="0"/>
  <testcase name="test0593" classname="RegressionTest1" time="0"/>
  <testcase name="test0594" classname="RegressionTest1" time="0"/>
  <testcase name="test0595" classname="RegressionTest1" time="0.001"/>
  <testcase name="test0596" classname="RegressionTest1" time="0"/>
  <testcase name="test0597" classname="RegressionTest1" time="0"/>
  <testcase name="test0598" classname="RegressionTest1" time="0"/>
  <testcase name="test0599" classname="RegressionTest1" time="0"/>
  <testcase name="test0600" classname="RegressionTest1" time="0"/>
  <testcase name="test0601" classname="RegressionTest1" time="0"/>
  <testcase name="test0602" classname="RegressionTest1" time="0"/>
  <testcase name="test0603" classname="RegressionTest1" time="0"/>
  <testcase name="test0604" classname="RegressionTest1" time="0.001"/>
  <testcase name="test0605" classname="RegressionTest1" time="0"/>
  <testcase name="test0606" classname="RegressionTest1" time="0"/>
  <testcase name="test0607" classname="RegressionTest1" time="0"/>
  <testcase name="test0608" classname="RegressionTest1" time="0"/>
  <testcase name="test0609" classname="RegressionTest1" time="0"/>
  <testcase name="test0610" classname="RegressionTest1" time="0"/>
  <testcase name="test0611" classname="RegressionTest1" time="0"/>
  <testcase name="test0612" classname="RegressionTest1" time="0"/>
  <testcase name="test0613" classname="RegressionTest1" time="0.001"/>
  <testcase name="test0614" classname="RegressionTest1" time="0"/>
  <testcase name="test0615" classname="RegressionTest1" time="0"/>
  <testcase name="test0616" classname="RegressionTest1" time="0"/>
  <testcase name="test0617" classname="RegressionTest1" time="0"/>
  <testcase name="test0618" classname="RegressionTest1" time="0"/>
  <testcase name="test0619" classname="RegressionTest1" time="0.001"/>
  <testcase name="test0620" classname="RegressionTest1" time="0"/>
  <testcase name="test0621" classname="RegressionTest1" time="0"/>
  <testcase name="test0622" classname="RegressionTest1" time="0"/>
  <testcase name="test0623" classname="RegressionTest1" time="0"/>
  <testcase name="test0624" classname="RegressionTest1" time="0"/>
  <testcase name="test0625" classname="RegressionTest1" time="0.001"/>
  <testcase name="test0626" classname="RegressionTest1" time="0"/>
  <testcase name="test0627" classname="RegressionTest1" time="0"/>
  <testcase name="test0628" classname="RegressionTest1" time="0.001"/>
  <testcase name="test0629" classname="RegressionTest1" time="0"/>
  <testcase name="test0630" classname="RegressionTest1" time="0"/>
  <testcase name="test0631" classname="RegressionTest1" time="0.001"/>
  <testcase name="test0632" classname="RegressionTest1" time="0"/>
  <testcase name="test0633" classname="RegressionTest1" time="0"/>
  <testcase name="test0634" classname="RegressionTest1" time="0"/>
  <testcase name="test0635" classname="RegressionTest1" time="0"/>
  <testcase name="test0636" classname="RegressionTest1" time="0"/>
  <testcase name="test0637" classname="RegressionTest1" time="0.001"/>
  <testcase name="test0638" classname="RegressionTest1" time="0"/>
  <testcase name="test0639" classname="RegressionTest1" time="0"/>
  <testcase name="test0640" classname="RegressionTest1" time="0"/>
  <testcase name="test0641" classname="RegressionTest1" time="0"/>
  <testcase name="test0642" classname="RegressionTest1" time="0.001"/>
  <testcase name="test0643" classname="RegressionTest1" time="0"/>
  <testcase name="test0644" classname="RegressionTest1" time="0"/>
  <testcase name="test0645" classname="RegressionTest1" time="0"/>
  <testcase name="test0646" classname="RegressionTest1" time="0"/>
  <testcase name="test0647" classname="RegressionTest1" time="0"/>
  <testcase name="test0648" classname="RegressionTest1" time="0"/>
  <testcase name="test0649" classname="RegressionTest1" time="0"/>
  <testcase name="test0650" classname="RegressionTest1" time="0"/>
  <testcase name="test0651" classname="RegressionTest1" time="0"/>
  <testcase name="test0652" classname="RegressionTest1" time="0"/>
  <testcase name="test0653" classname="RegressionTest1" time="0.001"/>
  <testcase name="test0654" classname="RegressionTest1" time="0"/>
  <testcase name="test0655" classname="RegressionTest1" time="0"/>
  <testcase name="test0656" classname="RegressionTest1" time="0"/>
  <testcase name="test0657" classname="RegressionTest1" time="0"/>
  <testcase name="test0658" classname="RegressionTest1" time="0"/>
  <testcase name="test0659" classname="RegressionTest1" time="0.001"/>
  <testcase name="test0660" classname="RegressionTest1" time="0"/>
  <testcase name="test0661" classname="RegressionTest1" time="0"/>
  <testcase name="test0662" classname="RegressionTest1" time="0"/>
  <testcase name="test0663" classname="RegressionTest1" time="0"/>
  <testcase name="test0664" classname="RegressionTest1" time="0"/>
  <testcase name="test0665" classname="RegressionTest1" time="0"/>
  <testcase name="test0666" classname="RegressionTest1" time="0"/>
  <testcase name="test0667" classname="RegressionTest1" time="0"/>
  <testcase name="test0668" classname="RegressionTest1" time="0.001"/>
  <testcase name="test0669" classname="RegressionTest1" time="0.001"/>
  <testcase name="test0670" classname="RegressionTest1" time="0"/>
  <testcase name="test0671" classname="RegressionTest1" time="0"/>
  <testcase name="test0672" classname="RegressionTest1" time="0"/>
  <testcase name="test0673" classname="RegressionTest1" time="0.002"/>
  <testcase name="test0674" classname="RegressionTest1" time="0"/>
  <testcase name="test0675" classname="RegressionTest1" time="0"/>
  <testcase name="test0676" classname="RegressionTest1" time="0"/>
  <testcase name="test0677" classname="RegressionTest1" time="0"/>
  <testcase name="test0678" classname="RegressionTest1" time="0"/>
  <testcase name="test0679" classname="RegressionTest1" time="0"/>
  <testcase name="test0680" classname="RegressionTest1" time="0"/>
  <testcase name="test0681" classname="RegressionTest1" time="0"/>
  <testcase name="test0682" classname="RegressionTest1" time="0.002"/>
  <testcase name="test0683" classname="RegressionTest1" time="0"/>
  <testcase name="test0684" classname="RegressionTest1" time="0"/>
  <testcase name="test0685" classname="RegressionTest1" time="0"/>
  <testcase name="test0686" classname="RegressionTest1" time="0"/>
  <testcase name="test0687" classname="RegressionTest1" time="0"/>
  <testcase name="test0688" classname="RegressionTest1" time="0.001"/>
  <testcase name="test0689" classname="RegressionTest1" time="0"/>
  <testcase name="test0690" classname="RegressionTest1" time="0"/>
  <testcase name="test0691" classname="RegressionTest1" time="0"/>
  <testcase name="test0692" classname="RegressionTest1" time="0"/>
  <testcase name="test0693" classname="RegressionTest1" time="0"/>
  <testcase name="test0694" classname="RegressionTest1" time="0.001"/>
  <testcase name="test0695" classname="RegressionTest1" time="0"/>
  <testcase name="test0696" classname="RegressionTest1" time="0"/>
  <testcase name="test0697" classname="RegressionTest1" time="0"/>
  <testcase name="test0698" classname="RegressionTest1" time="0"/>
  <testcase name="test0699" classname="RegressionTest1" time="0"/>
  <testcase name="test0700" classname="RegressionTest1" time="0"/>
  <testcase name="test0701" classname="RegressionTest1" time="0"/>
  <testcase name="test0702" classname="RegressionTest1" time="0"/>
  <testcase name="test0703" classname="RegressionTest1" time="0.001"/>
  <testcase name="test0704" classname="RegressionTest1" time="0"/>
  <testcase name="test0705" classname="RegressionTest1" time="0"/>
  <testcase name="test0706" classname="RegressionTest1" time="0"/>
  <testcase name="test0707" classname="RegressionTest1" time="0"/>
  <testcase name="test0708" classname="RegressionTest1" time="0"/>
  <testcase name="test0709" classname="RegressionTest1" time="0"/>
  <testcase name="test0710" classname="RegressionTest1" time="0.001"/>
  <testcase name="test0711" classname="RegressionTest1" time="0"/>
  <testcase name="test0712" classname="RegressionTest1" time="0"/>
  <testcase name="test0713" classname="RegressionTest1" time="0"/>
  <testcase name="test0714" classname="RegressionTest1" time="0"/>
  <testcase name="test0715" classname="RegressionTest1" time="0"/>
  <testcase name="test0716" classname="RegressionTest1" time="0"/>
  <testcase name="test0717" classname="RegressionTest1" time="0.001"/>
  <testcase name="test0718" classname="RegressionTest1" time="0"/>
  <testcase name="test0719" classname="RegressionTest1" time="0"/>
  <testcase name="test0720" classname="RegressionTest1" time="0"/>
  <testcase name="test0721" classname="RegressionTest1" time="0"/>
  <testcase name="test0722" classname="RegressionTest1" time="0"/>
  <testcase name="test0723" classname="RegressionTest1" time="0"/>
  <testcase name="test0724" classname="RegressionTest1" time="0"/>
  <testcase name="test0725" classname="RegressionTest1" time="0.001"/>
  <testcase name="test0726" classname="RegressionTest1" time="0"/>
  <testcase name="test0727" classname="RegressionTest1" time="0"/>
  <testcase name="test0728" classname="RegressionTest1" time="0"/>
  <testcase name="test0729" classname="RegressionTest1" time="0"/>
  <testcase name="test0730" classname="RegressionTest1" time="0"/>
  <testcase name="test0731" classname="RegressionTest1" time="0"/>
  <testcase name="test0732" classname="RegressionTest1" time="0.001"/>
  <testcase name="test0733" classname="RegressionTest1" time="0"/>
  <testcase name="test0734" classname="RegressionTest1" time="0"/>
  <testcase name="test0735" classname="RegressionTest1" time="0"/>
  <testcase name="test0736" classname="RegressionTest1" time="0"/>
  <testcase name="test0737" classname="RegressionTest1" time="0.001"/>
  <testcase name="test0738" classname="RegressionTest1" time="0"/>
  <testcase name="test0739" classname="RegressionTest1" time="0"/>
  <testcase name="test0740" classname="RegressionTest1" time="0"/>
  <testcase name="test0741" classname="RegressionTest1" time="0.001"/>
  <testcase name="test0742" classname="RegressionTest1" time="0"/>
  <testcase name="test0743" classname="RegressionTest1" time="0"/>
  <testcase name="test0744" classname="RegressionTest1" time="0"/>
  <testcase name="test0745" classname="RegressionTest1" time="0"/>
  <testcase name="test0746" classname="RegressionTest1" time="0"/>
  <testcase name="test0747" classname="RegressionTest1" time="0"/>
  <testcase name="test0748" classname="RegressionTest1" time="0"/>
  <testcase name="test0749" classname="RegressionTest1" time="0"/>
  <testcase name="test0750" classname="RegressionTest1" time="0.001"/>
  <testcase name="test0751" classname="RegressionTest1" time="0"/>
  <testcase name="test0752" classname="RegressionTest1" time="0"/>
  <testcase name="test0753" classname="RegressionTest1" time="0"/>
  <testcase name="test0754" classname="RegressionTest1" time="0"/>
  <testcase name="test0755" classname="RegressionTest1" time="0"/>
  <testcase name="test0756" classname="RegressionTest1" time="0"/>
  <testcase name="test0757" classname="RegressionTest1" time="0"/>
  <testcase name="test0758" classname="RegressionTest1" time="0.001"/>
  <testcase name="test0759" classname="RegressionTest1" time="0"/>
  <testcase name="test0760" classname="RegressionTest1" time="0"/>
  <testcase name="test0761" classname="RegressionTest1" time="0"/>
  <testcase name="test0762" classname="RegressionTest1" time="0"/>
  <testcase name="test0763" classname="RegressionTest1" time="0"/>
  <testcase name="test0764" classname="RegressionTest1" time="0"/>
  <testcase name="test0765" classname="RegressionTest1" time="0.001"/>
  <testcase name="test0766" classname="RegressionTest1" time="0"/>
  <testcase name="test0767" classname="RegressionTest1" time="0"/>
  <testcase name="test0768" classname="RegressionTest1" time="0.001"/>
  <testcase name="test0769" classname="RegressionTest1" time="0"/>
  <testcase name="test0770" classname="RegressionTest1" time="0"/>
  <testcase name="test0771" classname="RegressionTest1" time="0"/>
  <testcase name="test0772" classname="RegressionTest1" time="0"/>
  <testcase name="test0773" classname="RegressionTest1" time="0"/>
  <testcase name="test0774" classname="RegressionTest1" time="0.001"/>
  <testcase name="test0775" classname="RegressionTest1" time="0"/>
  <testcase name="test0776" classname="RegressionTest1" time="0"/>
  <testcase name="test0777" classname="RegressionTest1" time="0"/>
  <testcase name="test0778" classname="RegressionTest1" time="0"/>
  <testcase name="test0779" classname="RegressionTest1" time="0"/>
  <testcase name="test0780" classname="RegressionTest1" time="0"/>
  <testcase name="test0781" classname="RegressionTest1" time="0"/>
  <testcase name="test0782" classname="RegressionTest1" time="0.001"/>
  <testcase name="test0783" classname="RegressionTest1" time="0"/>
  <testcase name="test0784" classname="RegressionTest1" time="0"/>
  <testcase name="test0785" classname="RegressionTest1" time="0"/>
  <testcase name="test0786" classname="RegressionTest1" time="0"/>
  <testcase name="test0787" classname="RegressionTest1" time="0"/>
  <testcase name="test0788" classname="RegressionTest1" time="0"/>
  <testcase name="test0789" classname="RegressionTest1" time="0.001"/>
  <testcase name="test0790" classname="RegressionTest1" time="0"/>
  <testcase name="test0791" classname="RegressionTest1" time="0"/>
  <testcase name="test0792" classname="RegressionTest1" time="0"/>
  <testcase name="test0793" classname="RegressionTest1" time="0"/>
  <testcase name="test0794" classname="RegressionTest1" time="0"/>
  <testcase name="test0795" classname="RegressionTest1" time="0"/>
  <testcase name="test0796" classname="RegressionTest1" time="0"/>
  <testcase name="test0797" classname="RegressionTest1" time="0.001"/>
  <testcase name="test0798" classname="RegressionTest1" time="0"/>
  <testcase name="test0799" classname="RegressionTest1" time="0"/>
  <testcase name="test0800" classname="RegressionTest1" time="0"/>
  <testcase name="test0801" classname="RegressionTest1" time="0"/>
  <testcase name="test0802" classname="RegressionTest1" time="0"/>
  <testcase name="test0803" classname="RegressionTest1" time="0"/>
  <testcase name="test0804" classname="RegressionTest1" time="0.001"/>
  <testcase name="test0805" classname="RegressionTest1" time="0"/>
  <testcase name="test0806" classname="RegressionTest1" time="0"/>
  <testcase name="test0807" classname="RegressionTest1" time="0"/>
  <testcase name="test0808" classname="RegressionTest1" time="0"/>
  <testcase name="test0809" classname="RegressionTest1" time="0"/>
  <testcase name="test0810" classname="RegressionTest1" time="0"/>
  <testcase name="test0811" classname="RegressionTest1" time="0"/>
  <testcase name="test0812" classname="RegressionTest1" time="0.001"/>
  <testcase name="test0813" classname="RegressionTest1" time="0"/>
  <testcase name="test0814" classname="RegressionTest1" time="0"/>
  <testcase name="test0815" classname="RegressionTest1" time="0"/>
  <testcase name="test0816" classname="RegressionTest1" time="0"/>
  <testcase name="test0817" classname="RegressionTest1" time="0"/>
  <testcase name="test0818" classname="RegressionTest1" time="0"/>
  <testcase name="test0819" classname="RegressionTest1" time="0.001"/>
  <testcase name="test0820" classname="RegressionTest1" time="0"/>
  <testcase name="test0821" classname="RegressionTest1" time="0"/>
  <testcase name="test0822" classname="RegressionTest1" time="0"/>
  <testcase name="test0823" classname="RegressionTest1" time="0"/>
  <testcase name="test0824" classname="RegressionTest1" time="0"/>
  <testcase name="test0825" classname="RegressionTest1" time="0.001"/>
  <testcase name="test0826" classname="RegressionTest1" time="0"/>
  <testcase name="test0827" classname="RegressionTest1" time="0"/>
  <testcase name="test0828" classname="RegressionTest1" time="0"/>
  <testcase name="test0829" classname="RegressionTest1" time="0.001"/>
  <testcase name="test0830" classname="RegressionTest1" time="0"/>
  <testcase name="test0831" classname="RegressionTest1" time="0"/>
  <testcase name="test0832" classname="RegressionTest1" time="0"/>
  <testcase name="test0833" classname="RegressionTest1" time="0"/>
  <testcase name="test0834" classname="RegressionTest1" time="0.001"/>
  <testcase name="test0835" classname="RegressionTest1" time="0"/>
  <testcase name="test0836" classname="RegressionTest1" time="0"/>
  <testcase name="test0837" classname="RegressionTest1" time="0"/>
  <testcase name="test0838" classname="RegressionTest1" time="0"/>
  <testcase name="test0839" classname="RegressionTest1" time="0"/>
  <testcase name="test0840" classname="RegressionTest1" time="0"/>
  <testcase name="test0841" classname="RegressionTest1" time="0"/>
  <testcase name="test0842" classname="RegressionTest1" time="0.001"/>
  <testcase name="test0843" classname="RegressionTest1" time="0"/>
  <testcase name="test0844" classname="RegressionTest1" time="0"/>
  <testcase name="test0845" classname="RegressionTest1" time="0"/>
  <testcase name="test0846" classname="RegressionTest1" time="0.001"/>
  <testcase name="test0847" classname="RegressionTest1" time="0"/>
  <testcase name="test0848" classname="RegressionTest1" time="0"/>
  <testcase name="test0849" classname="RegressionTest1" time="0"/>
  <testcase name="test0850" classname="RegressionTest1" time="0"/>
  <testcase name="test0851" classname="RegressionTest1" time="0"/>
  <testcase name="test0852" classname="RegressionTest1" time="0.001"/>
  <testcase name="test0853" classname="RegressionTest1" time="0"/>
  <testcase name="test0854" classname="RegressionTest1" time="0"/>
  <testcase name="test0855" classname="RegressionTest1" time="0"/>
  <testcase name="test0856" classname="RegressionTest1" time="0"/>
  <testcase name="test0857" classname="RegressionTest1" time="0"/>
  <testcase name="test0858" classname="RegressionTest1" time="0"/>
  <testcase name="test0859" classname="RegressionTest1" time="0"/>
  <testcase name="test0860" classname="RegressionTest1" time="0.001"/>
  <testcase name="test0861" classname="RegressionTest1" time="0"/>
  <testcase name="test0862" classname="RegressionTest1" time="0"/>
  <testcase name="test0863" classname="RegressionTest1" time="0"/>
  <testcase name="test0864" classname="RegressionTest1" time="0"/>
  <testcase name="test0865" classname="RegressionTest1" time="0"/>
  <testcase name="test0866" classname="RegressionTest1" time="0"/>
  <testcase name="test0867" classname="RegressionTest1" time="0"/>
  <testcase name="test0868" classname="RegressionTest1" time="0.001"/>
  <testcase name="test0869" classname="RegressionTest1" time="0"/>
  <testcase name="test0870" classname="RegressionTest1" time="0"/>
  <testcase name="test0871" classname="RegressionTest1" time="0"/>
  <testcase name="test0872" classname="RegressionTest1" time="0"/>
  <testcase name="test0873" classname="RegressionTest1" time="0"/>
  <testcase name="test0874" classname="RegressionTest1" time="0"/>
  <testcase name="test0875" classname="RegressionTest1" time="0"/>
  <testcase name="test0876" classname="RegressionTest1" time="0.001"/>
  <testcase name="test0877" classname="RegressionTest1" time="0"/>
  <testcase name="test0878" classname="RegressionTest1" time="0"/>
  <testcase name="test0879" classname="RegressionTest1" time="0"/>
  <testcase name="test0880" classname="RegressionTest1" time="0"/>
  <testcase name="test0881" classname="RegressionTest1" time="0"/>
  <testcase name="test0882" classname="RegressionTest1" time="0"/>
  <testcase name="test0883" classname="RegressionTest1" time="0.002"/>
  <testcase name="test0884" classname="RegressionTest1" time="0"/>
  <testcase name="test0885" classname="RegressionTest1" time="0"/>
  <testcase name="test0886" classname="RegressionTest1" time="0"/>
  <testcase name="test0887" classname="RegressionTest1" time="0"/>
  <testcase name="test0888" classname="RegressionTest1" time="0"/>
  <testcase name="test0889" classname="RegressionTest1" time="0"/>
  <testcase name="test0890" classname="RegressionTest1" time="0"/>
  <testcase name="test0891" classname="RegressionTest1" time="0.001"/>
  <testcase name="test0892" classname="RegressionTest1" time="0"/>
  <testcase name="test0893" classname="RegressionTest1" time="0"/>
  <testcase name="test0894" classname="RegressionTest1" time="0"/>
  <testcase name="test0895" classname="RegressionTest1" time="0"/>
  <testcase name="test0896" classname="RegressionTest1" time="0"/>
  <testcase name="test0897" classname="RegressionTest1" time="0"/>
  <testcase name="test0898" classname="RegressionTest1" time="0"/>
  <testcase name="test0899" classname="RegressionTest1" time="0.001"/>
  <testcase name="test0900" classname="RegressionTest1" time="0"/>
  <testcase name="test0901" classname="RegressionTest1" time="0"/>
  <testcase name="test0902" classname="RegressionTest1" time="0"/>
  <testcase name="test0903" classname="RegressionTest1" time="0"/>
  <testcase name="test0904" classname="RegressionTest1" time="0"/>
  <testcase name="test0905" classname="RegressionTest1" time="0"/>
  <testcase name="test0906" classname="RegressionTest1" time="0"/>
  <testcase name="test0907" classname="RegressionTest1" time="0"/>
  <testcase name="test0908" classname="RegressionTest1" time="0.001"/>
  <testcase name="test0909" classname="RegressionTest1" time="0"/>
  <testcase name="test0910" classname="RegressionTest1" time="0"/>
  <testcase name="test0911" classname="RegressionTest1" time="0"/>
  <testcase name="test0912" classname="RegressionTest1" time="0"/>
  <testcase name="test0913" classname="RegressionTest1" time="0"/>
  <testcase name="test0914" classname="RegressionTest1" time="0"/>
  <testcase name="test0915" classname="RegressionTest1" time="0.001"/>
  <testcase name="test0916" classname="RegressionTest1" time="0"/>
  <testcase name="test0917" classname="RegressionTest1" time="0"/>
  <testcase name="test0918" classname="RegressionTest1" time="0"/>
  <testcase name="test0919" classname="RegressionTest1" time="0"/>
  <testcase name="test0920" classname="RegressionTest1" time="0"/>
  <testcase name="test0921" classname="RegressionTest1" time="0"/>
  <testcase name="test0922" classname="RegressionTest1" time="0"/>
  <testcase name="test0923" classname="RegressionTest1" time="0"/>
  <testcase name="test0924" classname="RegressionTest1" time="0"/>
  <testcase name="test0925" classname="RegressionTest1" time="0.001"/>
  <testcase name="test0926" classname="RegressionTest1" time="0"/>
  <testcase name="test0927" classname="RegressionTest1" time="0"/>
  <testcase name="test0928" classname="RegressionTest1" time="0"/>
  <testcase name="test0929" classname="RegressionTest1" time="0"/>
  <testcase name="test0930" classname="RegressionTest1" time="0"/>
  <testcase name="test0931" classname="RegressionTest1" time="0.001"/>
  <testcase name="test0932" classname="RegressionTest1" time="0"/>
  <testcase name="test0933" classname="RegressionTest1" time="0"/>
  <testcase name="test0934" classname="RegressionTest1" time="0"/>
  <testcase name="test0935" classname="RegressionTest1" time="0"/>
  <testcase name="test0936" classname="RegressionTest1" time="0"/>
  <testcase name="test0937" classname="RegressionTest1" time="0"/>
  <testcase name="test0938" classname="RegressionTest1" time="0"/>
  <testcase name="test0939" classname="RegressionTest1" time="0"/>
  <testcase name="test0940" classname="RegressionTest1" time="0"/>
  <testcase name="test0941" classname="RegressionTest1" time="0"/>
  <testcase name="test0942" classname="RegressionTest1" time="0.001"/>
  <testcase name="test0943" classname="RegressionTest1" time="0"/>
  <testcase name="test0944" classname="RegressionTest1" time="0.001"/>
  <testcase name="test0945" classname="RegressionTest1" time="0"/>
  <testcase name="test0946" classname="RegressionTest1" time="0"/>
  <testcase name="test0947" classname="RegressionTest1" time="0.001"/>
  <testcase name="test0948" classname="RegressionTest1" time="0"/>
  <testcase name="test0949" classname="RegressionTest1" time="0.001"/>
  <testcase name="test0950" classname="RegressionTest1" time="0"/>
  <testcase name="test0951" classname="RegressionTest1" time="0"/>
  <testcase name="test0952" classname="RegressionTest1" time="0"/>
  <testcase name="test0953" classname="RegressionTest1" time="0.001"/>
  <testcase name="test0954" classname="RegressionTest1" time="0"/>
  <testcase name="test0955" classname="RegressionTest1" time="0"/>
  <testcase name="test0956" classname="RegressionTest1" time="0"/>
  <testcase name="test0957" classname="RegressionTest1" time="0"/>
  <testcase name="test0958" classname="RegressionTest1" time="0"/>
  <testcase name="test0959" classname="RegressionTest1" time="0"/>
  <testcase name="test0960" classname="RegressionTest1" time="0.001"/>
  <testcase name="test0961" classname="RegressionTest1" time="0"/>
  <testcase name="test0962" classname="RegressionTest1" time="0"/>
  <testcase name="test0963" classname="RegressionTest1" time="0"/>
  <testcase name="test0964" classname="RegressionTest1" time="0"/>
  <testcase name="test0965" classname="RegressionTest1" time="0"/>
  <testcase name="test0966" classname="RegressionTest1" time="0"/>
  <testcase name="test0967" classname="RegressionTest1" time="0.001"/>
  <testcase name="test0968" classname="RegressionTest1" time="0"/>
  <testcase name="test0969" classname="RegressionTest1" time="0"/>
  <testcase name="test0970" classname="RegressionTest1" time="0"/>
  <testcase name="test0971" classname="RegressionTest1" time="0"/>
  <testcase name="test0972" classname="RegressionTest1" time="0"/>
  <testcase name="test0973" classname="RegressionTest1" time="0"/>
  <testcase name="test0974" classname="RegressionTest1" time="0.001"/>
  <testcase name="test0975" classname="RegressionTest1" time="0"/>
  <testcase name="test0976" classname="RegressionTest1" time="0"/>
  <testcase name="test0977" classname="RegressionTest1" time="0"/>
  <testcase name="test0978" classname="RegressionTest1" time="0"/>
  <testcase name="test0979" classname="RegressionTest1" time="0"/>
  <testcase name="test0980" classname="RegressionTest1" time="0.001"/>
  <testcase name="test0981" classname="RegressionTest1" time="0"/>
  <testcase name="test0982" classname="RegressionTest1" time="0"/>
  <testcase name="test0983" classname="RegressionTest1" time="0.001"/>
  <testcase name="test0984" classname="RegressionTest1" time="0"/>
  <testcase name="test0985" classname="RegressionTest1" time="0"/>
  <testcase name="test0986" classname="RegressionTest1" time="0"/>
  <testcase name="test0987" classname="RegressionTest1" time="0"/>
  <testcase name="test0988" classname="RegressionTest1" time="0"/>
  <testcase name="test0989" classname="RegressionTest1" time="0"/>
  <testcase name="test0990" classname="RegressionTest1" time="0.001"/>
  <testcase name="test0991" classname="RegressionTest1" time="0"/>
  <testcase name="test0992" classname="RegressionTest1" time="0"/>
  <testcase name="test0993" classname="RegressionTest1" time="0"/>
  <testcase name="test0994" classname="RegressionTest1" time="0"/>
  <testcase name="test0995" classname="RegressionTest1" time="0"/>
  <testcase name="test0996" classname="RegressionTest1" time="0.001"/>
  <testcase name="test0997" classname="RegressionTest1" time="0"/>
  <testcase name="test0998" classname="RegressionTest1" time="0"/>
  <testcase name="test0999" classname="RegressionTest1" time="0"/>
  <testcase name="test1000" classname="RegressionTest1" time="0"/>
  <testcase name="test1001" classname="RegressionTest2" time="0.001"/>
  <testcase name="test1002" classname="RegressionTest2" time="0"/>
  <testcase name="test1003" classname="RegressionTest2" time="0"/>
  <testcase name="test1004" classname="RegressionTest2" time="0"/>
  <testcase name="test1005" classname="RegressionTest2" time="0"/>
  <testcase name="test1006" classname="RegressionTest2" time="0"/>
  <testcase name="test1007" classname="RegressionTest2" time="0"/>
  <testcase name="test1008" classname="RegressionTest2" time="0.002"/>
  <testcase name="test1009" classname="RegressionTest2" time="0"/>
  <testcase name="test1010" classname="RegressionTest2" time="0"/>
  <testcase name="test1011" classname="RegressionTest2" time="0"/>
  <testcase name="test1012" classname="RegressionTest2" time="0"/>
  <testcase name="test1013" classname="RegressionTest2" time="0"/>
  <testcase name="test1014" classname="RegressionTest2" time="0"/>
  <testcase name="test1015" classname="RegressionTest2" time="0"/>
  <testcase name="test1016" classname="RegressionTest2" time="0"/>
  <testcase name="test1017" classname="RegressionTest2" time="0"/>
  <testcase name="test1018" classname="RegressionTest2" time="0"/>
  <testcase name="test1019" classname="RegressionTest2" time="0"/>
  <testcase name="test1020" classname="RegressionTest2" time="0"/>
  <testcase name="test1021" classname="RegressionTest2" time="0.001"/>
  <testcase name="test1022" classname="RegressionTest2" time="0"/>
  <testcase name="test1023" classname="RegressionTest2" time="0"/>
  <testcase name="test1024" classname="RegressionTest2" time="0"/>
  <testcase name="test1025" classname="RegressionTest2" time="0"/>
  <testcase name="test1026" classname="RegressionTest2" time="0.001"/>
  <testcase name="test1027" classname="RegressionTest2" time="0"/>
  <testcase name="test1028" classname="RegressionTest2" time="0.001"/>
  <testcase name="test1029" classname="RegressionTest2" time="0"/>
  <testcase name="test1030" classname="RegressionTest2" time="0.001"/>
  <testcase name="test1031" classname="RegressionTest2" time="0"/>
  <testcase name="test1032" classname="RegressionTest2" time="0"/>
  <testcase name="test1033" classname="RegressionTest2" time="0"/>
  <testcase name="test1034" classname="RegressionTest2" time="0"/>
  <testcase name="test1035" classname="RegressionTest2" time="0.001"/>
  <testcase name="test1036" classname="RegressionTest2" time="0"/>
  <testcase name="test1037" classname="RegressionTest2" time="0"/>
  <testcase name="test1038" classname="RegressionTest2" time="0"/>
  <testcase name="test1039" classname="RegressionTest2" time="0"/>
  <testcase name="test1040" classname="RegressionTest2" time="0"/>
  <testcase name="test1041" classname="RegressionTest2" time="0.001"/>
  <testcase name="test1042" classname="RegressionTest2" time="0"/>
  <testcase name="test1043" classname="RegressionTest2" time="0"/>
  <testcase name="test1044" classname="RegressionTest2" time="0.001"/>
  <testcase name="test1045" classname="RegressionTest2" time="0"/>
  <testcase name="test1046" classname="RegressionTest2" time="0"/>
  <testcase name="test1047" classname="RegressionTest2" time="0"/>
  <testcase name="test1048" classname="RegressionTest2" time="0"/>
  <testcase name="test1049" classname="RegressionTest2" time="0.001"/>
  <testcase name="test1050" classname="RegressionTest2" time="0"/>
  <testcase name="test1051" classname="RegressionTest2" time="0"/>
  <testcase name="test1052" classname="RegressionTest2" time="0"/>
  <testcase name="test1053" classname="RegressionTest2" time="0"/>
  <testcase name="test1054" classname="RegressionTest2" time="0.001"/>
  <testcase name="test1055" classname="RegressionTest2" time="0"/>
  <testcase name="test1056" classname="RegressionTest2" time="0"/>
  <testcase name="test1057" classname="RegressionTest2" time="0"/>
  <testcase name="test1058" classname="RegressionTest2" time="0.001"/>
  <testcase name="test1059" classname="RegressionTest2" time="0"/>
  <testcase name="test1060" classname="RegressionTest2" time="0"/>
  <testcase name="test1061" classname="RegressionTest2" time="0"/>
  <testcase name="test1062" classname="RegressionTest2" time="0"/>
  <testcase name="test1063" classname="RegressionTest2" time="0"/>
  <testcase name="test1064" classname="RegressionTest2" time="0"/>
  <testcase name="test1065" classname="RegressionTest2" time="0"/>
  <testcase name="test1066" classname="RegressionTest2" time="0"/>
  <testcase name="test1067" classname="RegressionTest2" time="0"/>
  <testcase name="test1068" classname="RegressionTest2" time="0"/>
  <testcase name="test1069" classname="RegressionTest2" time="0.001"/>
  <testcase name="test1070" classname="RegressionTest2" time="0"/>
  <testcase name="test1071" classname="RegressionTest2" time="0"/>
  <testcase name="test1072" classname="RegressionTest2" time="0"/>
  <testcase name="test1073" classname="RegressionTest2" time="0"/>
  <testcase name="test1074" classname="RegressionTest2" time="0.001"/>
  <testcase name="test1075" classname="RegressionTest2" time="0"/>
  <testcase name="test1076" classname="RegressionTest2" time="0"/>
  <testcase name="test1077" classname="RegressionTest2" time="0"/>
  <testcase name="test1078" classname="RegressionTest2" time="0.001"/>
  <testcase name="test1079" classname="RegressionTest2" time="0"/>
  <testcase name="test1080" classname="RegressionTest2" time="0"/>
  <testcase name="test1081" classname="RegressionTest2" time="0"/>
  <testcase name="test1082" classname="RegressionTest2" time="0"/>
  <testcase name="test1083" classname="RegressionTest2" time="0"/>
  <testcase name="test1084" classname="RegressionTest2" time="0"/>
  <testcase name="test1085" classname="RegressionTest2" time="0"/>
  <testcase name="test1086" classname="RegressionTest2" time="0.002"/>
  <testcase name="test1087" classname="RegressionTest2" time="0"/>
  <testcase name="test1088" classname="RegressionTest2" time="0"/>
  <testcase name="test1089" classname="RegressionTest2" time="0"/>
  <testcase name="test1090" classname="RegressionTest2" time="0"/>
  <testcase name="test1091" classname="RegressionTest2" time="0"/>
  <testcase name="test1092" classname="RegressionTest2" time="0.001"/>
  <testcase name="test1093" classname="RegressionTest2" time="0"/>
  <testcase name="test1094" classname="RegressionTest2" time="0"/>
  <testcase name="test1095" classname="RegressionTest2" time="0"/>
  <testcase name="test1096" classname="RegressionTest2" time="0"/>
  <testcase name="test1097" classname="RegressionTest2" time="0"/>
</testsuite>